2024-03-09T06:05:48.053Z   +180ms [debug] Config loaded {"version":"2.40.6","cdkVersion":"2.124.0","constructsVersion":"10.3.0","config":{"name":"sverg-next","region":"us-east-1","stage":"stephenvergara","ssmPrefix":"/sst/sverg-next/stephenvergara/"},"metafile":{"inputs":{"sst.config.ts":{"bytes":214,"imports":[{"path":"sst","kind":"import-statement","external":true},{"path":"sst/constructs","kind":"import-statement","external":true}],"format":"esm"}},"outputs":{".sst.config.1709964347883.mjs":{"imports":[],"exports":["default"],"entryPoint":"sst.config.ts","inputs":{"sst.config.ts":{"bytesInOutput":125}},"bytes":307}}},"paths":{"config":"/Users/stephenvergara/Documents/GitHub/sverg-next/sst.config.ts","root":"/Users/stephenvergara/Documents/GitHub/sverg-next","out":"/Users/stephenvergara/Documents/GitHub/sverg-next/.sst","artifacts":"/Users/stephenvergara/Documents/GitHub/sverg-next/.sst/artifacts"}}
2024-03-09T06:05:49.057Z  +1004ms [debug] Using AWS profile 
2024-03-09T06:05:49.059Z     +2ms [debug] Created AWS client IoTClient
2024-03-09T06:05:49.059Z     +0ms [debug] Getting IoT endpoint
2024-03-09T06:05:49.068Z     +9ms [debug] Synthesizing stacks...
2024-03-09T06:05:49.073Z     +5ms [debug] Created AWS client STSClient
2024-03-09T06:05:49.351Z   +278ms [debug] Using IoT endpoint: a27vso69sb80yp-ats.iot.us-east-1.amazonaws.com
2024-03-09T06:05:49.351Z     +0ms [debug] Initializing bootstrap context
2024-03-09T06:05:49.353Z     +2ms [debug] Created AWS client CloudFormationClient
2024-03-09T06:05:49.419Z    +66ms [debug] Using identity Account: 730335421834 User: 730335421834
2024-03-09T06:05:49.426Z     +7ms [debug] Generating types in /Users/stephenvergara/Documents/GitHub/sverg-next/.sst/types
2024-03-09T06:05:49.545Z   +119ms [debug] Running 1 deferred tasks with concurrency: 7
2024-03-09T06:05:50.125Z   +580ms [debug] Loaded bootstrap status
2024-03-09T06:05:50.125Z     +0ms [debug] Bootstrap context initialized {"status":"ready","version":"7.3","bucket":"sstbootstrap-useast124d14e4b-i54sprz0ndpl"}
2024-03-09T06:05:50.128Z     +3ms [debug] Created AWS client S3Client
2024-03-09T06:05:50.228Z   +100ms [debug] 
2024-03-09T06:05:50.228Z     +0ms [debug] Loading v2 AWS SDK
2024-03-09T06:05:50.228Z     +0ms [debug] Finished synthesizing
2024-03-09T06:05:50.574Z   +346ms [debug] IoT connected
2024-03-09T06:05:50.617Z    +43ms [debug] Fetching metadata for stack stephenvergara-sverg-next-Site failed {"name":"NoSuchKey","$fault":"client","$metadata":{"httpStatusCode":404,"requestId":"HG26M7XE7CCHHNR5","extendedRequestId":"ljgFOYTGDeaQ/ziU2zbCfgtRWNxWYXpwPsjJg6ZfiuYuIIGF+RYeWVZqLdxc74YfZjWOFkHCoC4=","attempts":1,"totalRetryDelay":0},"Code":"NoSuchKey","Key":"stackMetadata/app.sverg-next/stage.stephenvergara/stack.stephenvergara-sverg-next-Site.json","RequestId":"HG26M7XE7CCHHNR5","HostId":"ljgFOYTGDeaQ/ziU2zbCfgtRWNxWYXpwPsjJg6ZfiuYuIIGF+RYeWVZqLdxc74YfZjWOFkHCoC4=","message":"The specified key does not exist."}
2024-03-09T06:05:50.620Z     +3ms [debug] Created AWS client SSMClient
